[INFO] 05-06-2025 22:49:50 [main] LogUtils - Thời gian chạy toàn bộ test:Thu Jun 05 22:49:50 ICT 2025
[INFO] 05-06-2025 22:49:54 [main] LogUtils - Bắt đầu chạy test: loginSuccess
[INFO] 05-06-2025 22:49:54 [main] LogUtils - Tiến hành chạy test: loginSuccess
[INFO] 05-06-2025 22:49:55 [main] LogUtils - Clear text on element By.xpath: //input[@id='email']
[INFO] 05-06-2025 22:49:55 [main] LogUtils - Clear text on element By.xpath: //input[@id='password']
[INFO] 05-06-2025 22:49:55 [main] LogUtils - Set text [admin123@example.com] on element: By.xpath: //input[@id='email']
[INFO] 05-06-2025 22:49:55 [main] LogUtils - Set text [123456] on element: By.xpath: //input[@id='password']
[ERROR] 05-06-2025 22:49:59 [main] LogUtils - Đây là Test case chạy thất bại: loginSuccess
[ERROR] 05-06-2025 22:49:59 [main] LogUtils - Status: 2
[INFO] 05-06-2025 22:50:00 [main] LogUtils - Total test:1
[INFO] 05-06-2025 22:50:00 [main] LogUtils - Total test passed:0
[INFO] 05-06-2025 22:50:00 [main] LogUtils - Total test failed:1
[INFO] 05-06-2025 22:50:00 [main] LogUtils - Total test skipped:0
[INFO] 05-06-2025 22:52:25 [main] LogUtils - Thời gian chạy toàn bộ test:Thu Jun 05 22:52:24 ICT 2025
[INFO] 05-06-2025 22:52:27 [main] LogUtils - Run with Edge browser
[INFO] 05-06-2025 22:52:27 [main] LogUtils - Bắt đầu chạy test: loginSuccess
[INFO] 05-06-2025 22:52:27 [main] LogUtils - Tiến hành chạy test: loginSuccess
[INFO] 05-06-2025 22:52:28 [main] LogUtils - Clear text on element By.xpath: //input[@id='email']
[INFO] 05-06-2025 22:52:28 [main] LogUtils - Clear text on element By.xpath: //input[@id='password']
[INFO] 05-06-2025 22:52:28 [main] LogUtils - Set text [admin123@example.com] on element: By.xpath: //input[@id='email']
[INFO] 05-06-2025 22:52:28 [main] LogUtils - Set text [123456] on element: By.xpath: //input[@id='password']
[ERROR] 05-06-2025 22:52:32 [main] LogUtils - Đây là Test case chạy thất bại: loginSuccess
[ERROR] 05-06-2025 22:52:32 [main] LogUtils - Status: 2
[INFO] 05-06-2025 22:52:33 [main] LogUtils - Total test:1
[INFO] 05-06-2025 22:52:33 [main] LogUtils - Total test passed:0
[INFO] 05-06-2025 22:52:33 [main] LogUtils - Total test failed:1
[INFO] 05-06-2025 22:52:33 [main] LogUtils - Total test skipped:0
[INFO] 05-06-2025 22:57:13 [main] LogUtils - Thời gian chạy toàn bộ test:Thu Jun 05 22:57:12 ICT 2025
[INFO] 05-06-2025 22:57:15 [main] LogUtils - Run with Edge browser
[INFO] 05-06-2025 22:57:15 [main] LogUtils - Bắt đầu chạy test: loginSuccess
[INFO] 05-06-2025 22:57:15 [main] LogUtils - Tiến hành chạy test: loginSuccess
[INFO] 05-06-2025 22:57:16 [main] LogUtils - Clear text on element By.xpath: //input[@id='email']
[INFO] 05-06-2025 22:57:16 [main] LogUtils - Clear text on element By.xpath: //input[@id='password']
[INFO] 05-06-2025 22:57:16 [main] LogUtils - Set text [admin@example.com] on element: By.xpath: //input[@id='email']
[INFO] 05-06-2025 22:57:16 [main] LogUtils - Set text [123456] on element: By.xpath: //input[@id='password']
[INFO] 05-06-2025 22:57:19 [main] LogUtils - Đây là Test case chạy thành công: loginSuccess
[INFO] 05-06-2025 22:57:19 [main] LogUtils - Status: 1
[INFO] 05-06-2025 22:57:20 [main] LogUtils - Total test:1
[INFO] 05-06-2025 22:57:20 [main] LogUtils - Total test passed:1
[INFO] 05-06-2025 22:57:20 [main] LogUtils - Total test failed:0
[INFO] 05-06-2025 22:57:20 [main] LogUtils - Total test skipped:0
[INFO] 05-06-2025 22:59:38 [main] LogUtils - Thời gian chạy toàn bộ test:Thu Jun 05 22:59:37 ICT 2025
[INFO] 05-06-2025 22:59:40 [main] LogUtils - Run with Edge browser
[INFO] 05-06-2025 22:59:40 [main] LogUtils - Bắt đầu chạy test: loginSuccess
[INFO] 05-06-2025 22:59:40 [main] LogUtils - Tiến hành chạy test: loginSuccess
[INFO] 05-06-2025 22:59:41 [main] LogUtils - Clear text on element By.xpath: //input[@id='email']
[INFO] 05-06-2025 22:59:41 [main] LogUtils - Clear text on element By.xpath: //input[@id='password']
[INFO] 05-06-2025 22:59:41 [main] LogUtils - Set text [admin123@example.com] on element: By.xpath: //input[@id='email']
[INFO] 05-06-2025 22:59:41 [main] LogUtils - Set text [123456] on element: By.xpath: //input[@id='password']
[ERROR] 05-06-2025 22:59:44 [main] LogUtils - Đây là Test case chạy thất bại: loginSuccess
[ERROR] 05-06-2025 22:59:44 [main] LogUtils - java.lang.AssertionError: Login failed expected [false] but found [true]
[INFO] 05-06-2025 22:59:44 [main] LogUtils - Screenshot taken: loginSuccess
[INFO] 05-06-2025 22:59:44 [main] LogUtils - Screenshot taken current URL: https://crm.anhtester.com/admin/authentication
[INFO] 05-06-2025 22:59:45 [main] LogUtils - Total test:1
[INFO] 05-06-2025 22:59:45 [main] LogUtils - Total test passed:0
[INFO] 05-06-2025 22:59:45 [main] LogUtils - Total test failed:1
[INFO] 05-06-2025 22:59:45 [main] LogUtils - Total test skipped:0
[INFO] 05-06-2025 23:07:52 [main] LogUtils - ⚙\uFE0F Thời gian chạy toàn bộ test:Thu Jun 05 23:07:51 ICT 2025
[INFO] 05-06-2025 23:07:54 [main] LogUtils - Run with Edge browser
[INFO] 05-06-2025 23:07:54 [main] LogUtils - Bắt đầu chạy test: loginSuccess
[INFO] 05-06-2025 23:07:54 [main] LogUtils - Tiến hành chạy test: loginSuccess
[INFO] 05-06-2025 23:07:55 [main] LogUtils - Clear text on element By.xpath: //input[@id='email']
[INFO] 05-06-2025 23:07:55 [main] LogUtils - Clear text on element By.xpath: //input[@id='password']
[INFO] 05-06-2025 23:07:55 [main] LogUtils - Set text [admin123@example.com] on element: By.xpath: //input[@id='email']
[INFO] 05-06-2025 23:07:55 [main] LogUtils - Set text [123456] on element: By.xpath: //input[@id='password']
[ERROR] 05-06-2025 23:07:58 [main] LogUtils - ❌ Đây là Test case chạy thất bại: loginSuccess
[ERROR] 05-06-2025 23:07:58 [main] LogUtils - java.lang.AssertionError: Login failed expected [false] but found [true]
[INFO] 05-06-2025 23:07:58 [main] LogUtils - Screenshot taken: loginSuccess
[INFO] 05-06-2025 23:07:58 [main] LogUtils - Screenshot taken current URL: https://crm.anhtester.com/admin/authentication
[INFO] 05-06-2025 23:08:00 [main] LogUtils - ⭐\uFE0F Total test:1
[INFO] 05-06-2025 23:08:00 [main] LogUtils - ⭐\uFE0F Total test passed:0
[INFO] 05-06-2025 23:08:00 [main] LogUtils - ⭐\uFE0F Total test failed:1
[INFO] 05-06-2025 23:08:00 [main] LogUtils - ⭐\uFE0F Total test skipped:0
[INFO] 06-06-2025 21:46:57 [main] LogUtils - ⚙\uFE0F Thời gian chạy toàn bộ test:Fri Jun 06 21:46:56 ICT 2025
[INFO] 06-06-2025 21:47:00 [main] LogUtils - Run with Edge browser
[INFO] 06-06-2025 21:47:00 [main] LogUtils - Bắt đầu chạy test: loginSuccess
[INFO] 06-06-2025 21:47:00 [main] LogUtils - Tiến hành chạy test: loginSuccess
[INFO] 06-06-2025 21:47:01 [main] LogUtils - Clear text on element By.xpath: //input[@id='email']
[INFO] 06-06-2025 21:47:01 [main] LogUtils - Clear text on element By.xpath: //input[@id='password']
[INFO] 06-06-2025 21:47:01 [main] LogUtils - Set text [admin@example.com] on element: By.xpath: //input[@id='email']
[INFO] 06-06-2025 21:47:01 [main] LogUtils - Set text [123456] on element: By.xpath: //input[@id='password']
[INFO] 06-06-2025 21:47:06 [main] LogUtils - ✅ Đây là Test case chạy thành công: loginSuccess
[INFO] 06-06-2025 21:47:07 [main] LogUtils - ⭐\uFE0F Total test:1
[INFO] 06-06-2025 21:47:07 [main] LogUtils - ⭐\uFE0F Total test passed:1
[INFO] 06-06-2025 21:47:07 [main] LogUtils - ⭐\uFE0F Total test failed:0
[INFO] 06-06-2025 21:47:07 [main] LogUtils - ⭐\uFE0F Total test skipped:0
[INFO] 06-06-2025 21:50:59 [main] LogUtils - ⚙\uFE0F Thời gian chạy toàn bộ test:Fri Jun 06 21:50:58 ICT 2025
[INFO] 06-06-2025 21:51:01 [main] LogUtils - Run with Edge browser
[INFO] 06-06-2025 21:51:01 [main] LogUtils - Bắt đầu chạy test: loginSuccess
[INFO] 06-06-2025 21:51:01 [main] LogUtils - Tiến hành chạy test: loginSuccess
[INFO] 06-06-2025 21:51:02 [main] LogUtils - Clear text on element By.xpath: //input[@id='email']
[INFO] 06-06-2025 21:51:02 [main] LogUtils - Clear text on element By.xpath: //input[@id='password']
[INFO] 06-06-2025 21:51:02 [main] LogUtils - Set text [admin123@example.com] on element: By.xpath: //input[@id='email']
[INFO] 06-06-2025 21:51:02 [main] LogUtils - Set text [123456] on element: By.xpath: //input[@id='password']
[ERROR] 06-06-2025 21:51:08 [main] LogUtils - ❌ Đây là Test case chạy thất bại: loginSuccess
[ERROR] 06-06-2025 21:51:08 [main] LogUtils - java.lang.AssertionError: Login failed expected [false] but found [true]
[INFO] 06-06-2025 21:51:08 [main] LogUtils - Screenshot taken: loginSuccess
[INFO] 06-06-2025 21:51:08 [main] LogUtils - Screenshot taken current URL: https://crm.anhtester.com/admin/authentication
[INFO] 06-06-2025 21:51:09 [main] LogUtils - ⭐\uFE0F Total test:1
[INFO] 06-06-2025 21:51:09 [main] LogUtils - ⭐\uFE0F Total test passed:0
[INFO] 06-06-2025 21:51:09 [main] LogUtils - ⭐\uFE0F Total test failed:1
[INFO] 06-06-2025 21:51:09 [main] LogUtils - ⭐\uFE0F Total test skipped:0
[INFO] 06-06-2025 22:07:46 [main] LogUtils - ⚙\uFE0F Thời gian chạy toàn bộ test:Fri Jun 06 22:07:45 ICT 2025
[INFO] 06-06-2025 22:07:48 [main] LogUtils - Run with Edge browser
[INFO] 06-06-2025 22:07:48 [main] LogUtils - Bắt đầu chạy test: loginSuccess
[INFO] 06-06-2025 22:07:49 [main] LogUtils - Tiến hành chạy test: loginSuccess
[INFO] 06-06-2025 22:07:49 [main] LogUtils - Clear text on element By.xpath: //input[@id='email']
[INFO] 06-06-2025 22:07:50 [main] LogUtils - Clear text on element By.xpath: //input[@id='password']
[INFO] 06-06-2025 22:07:50 [main] LogUtils - Set text [admin@example.com] on element: By.xpath: //input[@id='email']
[INFO] 06-06-2025 22:07:50 [main] LogUtils - Set text [123456] on element: By.xpath: //input[@id='password']
[INFO] 06-06-2025 22:07:53 [main] LogUtils - ✅ Đây là Test case chạy thành công: loginSuccess
[INFO] 06-06-2025 22:07:55 [main] LogUtils - ⭐\uFE0F Total test:1
[INFO] 06-06-2025 22:07:55 [main] LogUtils - ⭐\uFE0F Total test passed:1
[INFO] 06-06-2025 22:07:55 [main] LogUtils - ⭐\uFE0F Total test failed:0
[INFO] 06-06-2025 22:07:55 [main] LogUtils - ⭐\uFE0F Total test skipped:0
[INFO] 06-06-2025 22:11:19 [main] LogUtils - ⚙\uFE0F Thời gian chạy toàn bộ test:Fri Jun 06 22:11:19 ICT 2025
[INFO] 06-06-2025 22:11:22 [main] LogUtils - Run with Edge browser
[INFO] 06-06-2025 22:11:22 [main] LogUtils - Bắt đầu chạy test: loginSuccess
[INFO] 06-06-2025 22:11:22 [main] LogUtils - Tiến hành chạy test: loginSuccess
[INFO] 06-06-2025 22:11:22 [main] LogUtils - 🌐 Open URL: https://crm.anhtester.com/admin/authentication
[INFO] 06-06-2025 22:11:23 [main] LogUtils - Clear text on element By.xpath: //input[@id='email']
[INFO] 06-06-2025 22:11:23 [main] LogUtils - Clear text on element By.xpath: //input[@id='password']
[INFO] 06-06-2025 22:11:23 [main] LogUtils - Set text [admin123@example.com] on element: By.xpath: //input[@id='email']
[INFO] 06-06-2025 22:11:23 [main] LogUtils - Set text [123456] on element: By.xpath: //input[@id='password']
[INFO] 06-06-2025 22:11:23 [main] LogUtils - Click on element By.xpath: //button[normalize-space()='Login']
[ERROR] 06-06-2025 22:11:26 [main] LogUtils - ❌ Đây là Test case chạy thất bại: loginSuccess
[ERROR] 06-06-2025 22:11:26 [main] LogUtils - java.lang.AssertionError: Login failed expected [false] but found [true]
[INFO] 06-06-2025 22:11:27 [main] LogUtils - Screenshot taken: loginSuccess
[INFO] 06-06-2025 22:11:27 [main] LogUtils - Screenshot taken current URL: https://crm.anhtester.com/admin/authentication
[INFO] 06-06-2025 22:11:28 [main] LogUtils - ⭐\uFE0F Total test:1
[INFO] 06-06-2025 22:11:28 [main] LogUtils - ⭐\uFE0F Total test passed:0
[INFO] 06-06-2025 22:11:28 [main] LogUtils - ⭐\uFE0F Total test failed:1
[INFO] 06-06-2025 22:11:28 [main] LogUtils - ⭐\uFE0F Total test skipped:0
